SF:lib/presentation/auth/data/api/auth_api.dart
DA:13,0
DA:17,0
LF:2
LH:0
end_of_record
SF:lib/presentation/auth/data/api/auth_api.g.dart
DA:12,0
DA:20,0
DA:22,0
DA:23,0
DA:24,0
DA:26,0
DA:27,0
DA:28,0
DA:29,0
DA:34,0
DA:36,0
DA:39,0
DA:41,0
DA:47,0
DA:49,0
DA:50,0
DA:51,0
DA:53,0
DA:54,0
DA:55,0
DA:56,0
DA:61,0
DA:63,0
DA:66,0
DA:67,0
DA:68,0
DA:69,0
DA:70,0
DA:71,0
DA:73,0
DA:79,0
DA:80,0
DA:84,0
DA:86,0
DA:87,0
DA:90,0
LF:36
LH:0
end_of_record
SF:lib/presentation/auth/domain/entities/auth.dart
DA:8,3
DA:14,0
DA:15,0
DA:16,0
DA:17,0
DA:18,0
DA:22,0
DA:26,0
DA:27,0
DA:29,0
DA:30,0
DA:31,0
DA:32,0
DA:33,0
DA:37,0
DA:38,0
DA:39,0
DA:40,0
DA:41,0
LF:19
LH:1
end_of_record
SF:lib/presentation/auth/domain/repositories/auth_repository.dart
DA:18,1
DA:20,1
DA:23,2
DA:24,1
DA:25,1
DA:27,1
DA:31,2
DA:35,1
DA:38,2
DA:40,2
LF:10
LH:10
end_of_record
SF:lib/core/dio/api_exceptions.dart
DA:6,0
DA:7,0
DA:8,0
DA:9,0
DA:10,0
DA:11,0
DA:12,0
DA:13,0
DA:18,0
DA:19,0
DA:23,0
DA:24,0
DA:28,0
DA:29,0
DA:33,0
DA:34,0
DA:41,0
DA:42,0
DA:46,0
DA:47,0
DA:54,0
DA:55,0
DA:59,0
DA:60,0
LF:24
LH:0
end_of_record
SF:lib/core/dio/dio_error_interceptor.dart
DA:5,0
DA:7,0
DA:9,0
DA:10,0
DA:13,0
DA:14,0
DA:17,0
DA:19,0
DA:20,0
DA:21,0
DA:22,0
DA:23,0
DA:24,0
DA:29,0
DA:30,0
DA:34,0
DA:35,0
DA:36,0
DA:37,0
DA:41,0
DA:42,0
DA:43,0
DA:47,0
LF:23
LH:0
end_of_record
SF:lib/core/dio/dio_logging_interceptor.dart
DA:8,0
DA:10,0
DA:12,0
DA:14,0
DA:15,0
DA:16,0
DA:17,0
DA:18,0
DA:19,0
DA:22,0
DA:25,0
DA:26,0
DA:27,0
DA:28,0
DA:29,0
DA:31,0
DA:34,0
DA:37,0
DA:39,0
DA:41,0
DA:42,0
DA:43,0
DA:44,0
DA:45,0
DA:49,0
DA:50,0
DA:51,0
DA:52,0
DA:53,0
DA:56,0
DA:59,0
DA:61,0
DA:63,0
DA:64,0
DA:65,0
DA:66,0
DA:67,0
DA:71,0
DA:72,0
DA:73,0
DA:74,0
DA:75,0
DA:78,0
LF:43
LH:0
end_of_record
SF:lib/core/logging/log_object.dart
DA:10,0
DA:18,0
DA:19,0
DA:20,0
DA:22,0
DA:23,0
DA:26,0
DA:27,0
LF:8
LH:0
end_of_record
SF:lib/core/dio/dio_provider.dart
DA:13,0
DA:15,0
DA:16,0
DA:17,0
DA:18,0
DA:19,0
DA:20,0
DA:21,0
DA:22,0
DA:26,0
DA:29,0
DA:41,0
LF:12
LH:0
end_of_record
SF:lib/di/app_config_module.dart
DA:8,0
DA:12,0
DA:14,0
DA:16,0
DA:18,0
DA:19,0
DA:21,0
DA:23,0
DA:30,0
DA:31,0
LF:10
LH:0
end_of_record
SF:lib/core/local/shared_preference_storage.dart
DA:27,0
DA:29,0
DA:30,0
DA:31,0
DA:33,0
DA:36,0
DA:38,0
DA:40,0
DA:43,0
DA:45,0
DA:50,0
DA:52,0
DA:53,0
DA:55,0
DA:56,0
DA:60,0
DA:62,0
DA:64,0
DA:67,0
DA:69,0
DA:71,0
DA:76,0
DA:78,0
DA:80,0
DA:83,0
DA:86,0
DA:87,0
DA:90,0
DA:92,0
DA:94,0
DA:95,0
DA:96,0
DA:97,0
DA:98,0
DA:99,0
DA:100,0
DA:101,0
DA:102,0
DA:103,0
DA:105,0
LF:40
LH:0
end_of_record
SF:lib/presentation/wallet/data/api/wallet_api.dart
DA:14,0
DA:18,0
LF:2
LH:0
end_of_record
SF:lib/presentation/wallet/data/api/wallet_api.g.dart
DA:12,0
DA:20,0
DA:22,0
DA:23,0
DA:24,0
DA:26,0
DA:27,0
DA:28,0
DA:29,0
DA:34,0
DA:36,0
DA:39,0
DA:41,0
DA:47,0
DA:49,0
DA:50,0
DA:51,0
DA:53,0
DA:54,0
DA:55,0
DA:56,0
DA:61,0
DA:63,0
DA:67,0
DA:68,0
DA:69,0
DA:70,0
DA:72,0
DA:74,0
DA:80,0
DA:84,0
DA:85,0
DA:86,0
DA:87,0
DA:88,0
DA:89,0
DA:90,0
DA:91,0
DA:92,0
DA:97,0
DA:99,0
DA:102,0
DA:104,0
DA:110,0
DA:111,0
DA:112,0
DA:113,0
DA:114,0
DA:115,0
DA:117,0
DA:123,0
DA:124,0
DA:128,0
DA:130,0
DA:131,0
DA:134,0
LF:56
LH:0
end_of_record
SF:lib/presentation/wallet/data/contracts/transaction_api_contract.dart
DA:4,1
DA:13,0
DA:14,0
DA:15,0
DA:16,0
DA:17,0
DA:18,0
DA:19,0
DA:20,0
DA:22,0
DA:23,0
DA:27,1
DA:29,1
DA:30,1
DA:31,1
DA:32,2
DA:33,1
DA:34,1
DA:35,2
LF:19
LH:9
end_of_record
SF:lib/presentation/wallet/domain/entities/transaction.dart
DA:11,1
DA:20,1
DA:21,1
DA:22,1
DA:23,1
DA:24,2
DA:25,1
DA:26,1
DA:28,1
DA:29,1
DA:30,4
DA:31,0
DA:37,0
DA:38,0
DA:40,1
DA:41,1
DA:42,1
DA:43,1
DA:44,2
DA:45,1
DA:46,1
DA:47,2
LF:22
LH:19
end_of_record
SF:lib/presentation/wallet/domain/repositories/wallet_repository.dart
DA:25,1
DA:27,1
DA:30,1
DA:31,2
DA:32,1
DA:34,1
DA:35,2
DA:36,1
DA:38,1
DA:41,2
DA:45,1
DA:48,2
DA:52,1
DA:53,1
DA:54,1
DA:55,1
DA:59,1
DA:60,1
DA:63,0
DA:67,1
DA:71,1
DA:74,1
DA:77,2
DA:78,5
DA:82,0
DA:86,0
DA:89,0
DA:90,0
DA:93,0
DA:97,1
DA:101,1
DA:102,1
DA:103,1
DA:104,1
DA:105,1
DA:106,1
DA:111,1
DA:112,2
DA:113,1
DA:117,1
DA:118,1
DA:119,1
DA:120,1
DA:121,1
DA:122,1
DA:125,3
DA:127,0
DA:132,0
DA:136,1
DA:138,1
DA:139,4
DA:141,2
DA:143,0
DA:147,1
DA:149,2
DA:153,3
DA:156,6
DA:157,4
DA:159,2
DA:160,3
DA:163,4
DA:165,1
DA:167,1
DA:170,2
DA:173,1
DA:177,0
DA:178,0
DA:182,1
DA:184,2
DA:187,0
DA:189,1
DA:190,4
DA:191,1
DA:193,0
DA:194,0
DA:198,1
DA:199,2
DA:200,1
DA:201,1
DA:203,2
LF:80
LH:66
end_of_record
SF:lib/presentation/wallet/data/contracts/balance_api_contract.dart
DA:4,0
DA:6,0
DA:7,0
DA:8,0
DA:9,0
DA:13,0
DA:15,0
DA:16,0
DA:18,0
LF:9
LH:0
end_of_record
SF:lib/core/util/string_utils.dart
DA:3,0
DA:4,0
DA:5,0
DA:6,0
DA:10,0
DA:11,0
DA:15,0
DA:17,0
DA:18,0
DA:22,0
DA:24,0
DA:30,0
DA:31,0
LF:13
LH:0
end_of_record
SF:lib/presentation/wallet/domain/entities/balance.dart
DA:7,1
DA:12,0
DA:13,0
LF:3
LH:1
end_of_record
